<?xml version="1.0" encoding="UTF-8"?>
<robot generator="Robot 7.1 (Python 3.12.5 on win32)" generated="2024-09-27T17:24:39.724472" rpa="false" schemaversion="5">
<suite id="s1" name="RegisterTestcases" source="D:\Download\kku_work\SW testing\workshopRobot\testcases\RegisterTestcases.robot">
<kw name="Open Browser" owner="SeleniumLibrary" type="SETUP">
<msg time="2024-09-27T17:24:39.912414" level="INFO">Opening browser 'chrome' to base url 'https://futureskill.co/'.</msg>
<arg>${baseUrl}</arg>
<arg>chrome</arg>
<doc>Opens a new browser instance to the optional ``url``.</doc>
<status status="PASS" start="2024-09-27T17:24:39.912414" elapsed="2.163509"/>
</kw>
<test id="s1-t1" name="As a user, I want to register successfully" line="11">
<kw name="Click Register Button" owner="RegisterPage">
<kw name="Wait until element is ready then click element" owner="CommonKeywords">
<kw name="Wait Until Keyword Succeeds" owner="BuiltIn">
<kw name="Click Element" owner="SeleniumLibrary">
<msg time="2024-09-27T17:24:42.077925" level="INFO">Clicking element 'xpath=//button[text()='สมัครสมาชิก']'.</msg>
<msg time="2024-09-27T17:24:42.195959" level="INFO" html="true">&lt;/td&gt;&lt;/tr&gt;&lt;tr&gt;&lt;td colspan="3"&gt;&lt;a href="selenium-screenshot-1.png"&gt;&lt;img src="selenium-screenshot-1.png" width="800px"&gt;&lt;/a&gt;</msg>
<msg time="2024-09-27T17:24:42.196960" level="FAIL">Element with locator 'xpath=//button[text()='สมัครสมาชิก']' not found.</msg>
<arg>${locator}</arg>
<doc>Click the element identified by ``locator``.</doc>
<status status="FAIL" start="2024-09-27T17:24:42.077925" elapsed="0.120035">Element with locator 'xpath=//button[text()='สมัครสมาชิก']' not found.</status>
</kw>
<kw name="Click Element" owner="SeleniumLibrary">
<msg time="2024-09-27T17:24:44.198299" level="INFO">Clicking element 'xpath=//button[text()='สมัครสมาชิก']'.</msg>
<arg>${locator}</arg>
<doc>Click the element identified by ``locator``.</doc>
<status status="PASS" start="2024-09-27T17:24:44.198299" elapsed="1.898429"/>
</kw>
<arg>5x</arg>
<arg>2s</arg>
<arg>Click Element</arg>
<arg>${locator}</arg>
<doc>Runs the specified keyword and retries if it fails.</doc>
<status status="PASS" start="2024-09-27T17:24:42.076924" elapsed="4.019804"/>
</kw>
<arg>${REGISTER_BUTTON}</arg>
<status status="PASS" start="2024-09-27T17:24:42.076924" elapsed="4.019804"/>
</kw>
<status status="PASS" start="2024-09-27T17:24:42.076924" elapsed="4.019804"/>
</kw>
<kw name="Fill Registration Form" owner="RegisterPage">
<kw name="Wait until element is ready then input text" owner="CommonKeywords">
<kw name="Wait Until Keyword Succeeds" owner="BuiltIn">
<kw name="Input Text" owner="SeleniumLibrary">
<msg time="2024-09-27T17:24:46.098729" level="INFO">Typing text 'Worachot' into text field 'name=firstName'.</msg>
<arg>${locator}</arg>
<arg>${text}</arg>
<doc>Types the given ``text`` into the text field identified by ``locator``.</doc>
<status status="PASS" start="2024-09-27T17:24:46.098729" elapsed="0.261058"/>
</kw>
<arg>5x</arg>
<arg>2s</arg>
<arg>Input Text</arg>
<arg>${locator}</arg>
<arg>${text}</arg>
<doc>Runs the specified keyword and retries if it fails.</doc>
<status status="PASS" start="2024-09-27T17:24:46.097728" elapsed="0.262059"/>
</kw>
<arg>${FIRSTNAME_INPUT}</arg>
<arg>${firstName}</arg>
<status status="PASS" start="2024-09-27T17:24:46.097728" elapsed="0.262059"/>
</kw>
<kw name="Sleep" owner="BuiltIn">
<msg time="2024-09-27T17:24:48.359988" level="INFO">Slept 2 seconds.</msg>
<arg>2s</arg>
<doc>Pauses the test executed for the given time.</doc>
<status status="PASS" start="2024-09-27T17:24:46.359787" elapsed="2.000201"/>
</kw>
<kw name="Wait until element is ready then input text" owner="CommonKeywords">
<kw name="Wait Until Keyword Succeeds" owner="BuiltIn">
<kw name="Input Text" owner="SeleniumLibrary">
<msg time="2024-09-27T17:24:48.360990" level="INFO">Typing text 'Thonglert' into text field 'name=lastName'.</msg>
<arg>${locator}</arg>
<arg>${text}</arg>
<doc>Types the given ``text`` into the text field identified by ``locator``.</doc>
<status status="PASS" start="2024-09-27T17:24:48.360990" elapsed="0.055011"/>
</kw>
<arg>5x</arg>
<arg>2s</arg>
<arg>Input Text</arg>
<arg>${locator}</arg>
<arg>${text}</arg>
<doc>Runs the specified keyword and retries if it fails.</doc>
<status status="PASS" start="2024-09-27T17:24:48.359988" elapsed="0.056013"/>
</kw>
<arg>${LASTNAME_INPUT}</arg>
<arg>${lastName}</arg>
<status status="PASS" start="2024-09-27T17:24:48.359988" elapsed="0.056013"/>
</kw>
<kw name="Sleep" owner="BuiltIn">
<msg time="2024-09-27T17:24:50.417533" level="INFO">Slept 2 seconds.</msg>
<arg>2s</arg>
<doc>Pauses the test executed for the given time.</doc>
<status status="PASS" start="2024-09-27T17:24:48.417001" elapsed="2.000532"/>
</kw>
<kw name="Wait until element is ready then input text" owner="CommonKeywords">
<kw name="Wait Until Keyword Succeeds" owner="BuiltIn">
<kw name="Input Text" owner="SeleniumLibrary">
<msg time="2024-09-27T17:24:50.418524" level="INFO">Typing text 'domtllvv4@gmail.com' into text field 'name=email'.</msg>
<arg>${locator}</arg>
<arg>${text}</arg>
<doc>Types the given ``text`` into the text field identified by ``locator``.</doc>
<status status="PASS" start="2024-09-27T17:24:50.417533" elapsed="0.076073"/>
</kw>
<arg>5x</arg>
<arg>2s</arg>
<arg>Input Text</arg>
<arg>${locator}</arg>
<arg>${text}</arg>
<doc>Runs the specified keyword and retries if it fails.</doc>
<status status="PASS" start="2024-09-27T17:24:50.417533" elapsed="0.076073"/>
</kw>
<arg>${EMAIL_INPUT}</arg>
<arg>${email}</arg>
<status status="PASS" start="2024-09-27T17:24:50.417533" elapsed="0.076073"/>
</kw>
<kw name="Sleep" owner="BuiltIn">
<msg time="2024-09-27T17:24:52.494295" level="INFO">Slept 2 seconds.</msg>
<arg>2s</arg>
<doc>Pauses the test executed for the given time.</doc>
<status status="PASS" start="2024-09-27T17:24:50.493606" elapsed="2.000689"/>
</kw>
<kw name="Wait until element is ready then input text" owner="CommonKeywords">
<kw name="Wait Until Keyword Succeeds" owner="BuiltIn">
<kw name="Input Text" owner="SeleniumLibrary">
<msg time="2024-09-27T17:24:52.495295" level="INFO">Typing text '0933213280' into text field 'name=phoneNumber'.</msg>
<arg>${locator}</arg>
<arg>${text}</arg>
<doc>Types the given ``text`` into the text field identified by ``locator``.</doc>
<status status="PASS" start="2024-09-27T17:24:52.494295" elapsed="0.052246"/>
</kw>
<arg>5x</arg>
<arg>2s</arg>
<arg>Input Text</arg>
<arg>${locator}</arg>
<arg>${text}</arg>
<doc>Runs the specified keyword and retries if it fails.</doc>
<status status="PASS" start="2024-09-27T17:24:52.494295" elapsed="0.052246"/>
</kw>
<arg>${PHONE_INPUT}</arg>
<arg>${phoneNumber}</arg>
<status status="PASS" start="2024-09-27T17:24:52.494295" elapsed="0.052246"/>
</kw>
<kw name="Sleep" owner="BuiltIn">
<msg time="2024-09-27T17:24:54.547562" level="INFO">Slept 2 seconds.</msg>
<arg>2s</arg>
<doc>Pauses the test executed for the given time.</doc>
<status status="PASS" start="2024-09-27T17:24:52.547541" elapsed="2.000021"/>
</kw>
<kw name="Wait until element is ready then input text" owner="CommonKeywords">
<kw name="Wait Until Keyword Succeeds" owner="BuiltIn">
<kw name="Input Text" owner="SeleniumLibrary">
<msg time="2024-09-27T17:24:54.548565" level="INFO">Typing text 'QWEasdzxc123@' into text field 'name=newPassword'.</msg>
<arg>${locator}</arg>
<arg>${text}</arg>
<doc>Types the given ``text`` into the text field identified by ``locator``.</doc>
<status status="PASS" start="2024-09-27T17:24:54.548565" elapsed="0.062014"/>
</kw>
<arg>5x</arg>
<arg>2s</arg>
<arg>Input Text</arg>
<arg>${locator}</arg>
<arg>${text}</arg>
<doc>Runs the specified keyword and retries if it fails.</doc>
<status status="PASS" start="2024-09-27T17:24:54.547562" elapsed="0.063017"/>
</kw>
<arg>${NEW_PASSWORD_INPUT}</arg>
<arg>${newPassword}</arg>
<status status="PASS" start="2024-09-27T17:24:54.547562" elapsed="0.063017"/>
</kw>
<kw name="Sleep" owner="BuiltIn">
<msg time="2024-09-27T17:24:56.611246" level="INFO">Slept 2 seconds.</msg>
<arg>2s</arg>
<doc>Pauses the test executed for the given time.</doc>
<status status="PASS" start="2024-09-27T17:24:54.610579" elapsed="2.000667"/>
</kw>
<kw name="Wait until element is ready then input text" owner="CommonKeywords">
<kw name="Wait Until Keyword Succeeds" owner="BuiltIn">
<kw name="Input Text" owner="SeleniumLibrary">
<msg time="2024-09-27T17:24:56.612246" level="INFO">Typing text 'QWEasdzxc123@' into text field 'name=confirmPassword'.</msg>
<arg>${locator}</arg>
<arg>${text}</arg>
<doc>Types the given ``text`` into the text field identified by ``locator``.</doc>
<status status="PASS" start="2024-09-27T17:24:56.612246" elapsed="0.056013"/>
</kw>
<arg>5x</arg>
<arg>2s</arg>
<arg>Input Text</arg>
<arg>${locator}</arg>
<arg>${text}</arg>
<doc>Runs the specified keyword and retries if it fails.</doc>
<status status="PASS" start="2024-09-27T17:24:56.612246" elapsed="0.056013"/>
</kw>
<arg>${CONFIRM_PASSWORD_INPUT}</arg>
<arg>${confirmPassword}</arg>
<status status="PASS" start="2024-09-27T17:24:56.611246" elapsed="0.057013"/>
</kw>
<kw name="Sleep" owner="BuiltIn">
<msg time="2024-09-27T17:24:58.668276" level="INFO">Slept 2 seconds.</msg>
<arg>2s</arg>
<doc>Pauses the test executed for the given time.</doc>
<status status="PASS" start="2024-09-27T17:24:56.668259" elapsed="2.000017"/>
</kw>
<arg>${firstName}</arg>
<arg>${lastName}</arg>
<arg>${email}</arg>
<arg>${phoneNumber}</arg>
<arg>${newPassword}</arg>
<arg>${confirmPassword}</arg>
<status status="PASS" start="2024-09-27T17:24:46.097728" elapsed="12.570548"/>
</kw>
<kw name=" Click Checkbox" owner="RegisterPage">
<kw name="Wait until element is ready then click element" owner="CommonKeywords">
<kw name="Wait Until Keyword Succeeds" owner="BuiltIn">
<kw name="Click Element" owner="SeleniumLibrary">
<msg time="2024-09-27T17:24:58.669278" level="INFO">Clicking element 'name=consent'.</msg>
<arg>${locator}</arg>
<doc>Click the element identified by ``locator``.</doc>
<status status="PASS" start="2024-09-27T17:24:58.669278" elapsed="0.035007"/>
</kw>
<arg>5x</arg>
<arg>2s</arg>
<arg>Click Element</arg>
<arg>${locator}</arg>
<doc>Runs the specified keyword and retries if it fails.</doc>
<status status="PASS" start="2024-09-27T17:24:58.669278" elapsed="0.035007"/>
</kw>
<arg>${CHECKBOX}</arg>
<status status="PASS" start="2024-09-27T17:24:58.669278" elapsed="0.035007"/>
</kw>
<kw name="Sleep" owner="BuiltIn">
<msg time="2024-09-27T17:25:00.704320" level="INFO">Slept 2 seconds.</msg>
<arg>2s</arg>
<doc>Pauses the test executed for the given time.</doc>
<status status="PASS" start="2024-09-27T17:24:58.704285" elapsed="2.000035"/>
</kw>
<status status="PASS" start="2024-09-27T17:24:58.668276" elapsed="2.036044"/>
</kw>
<kw name="Submit Registration" owner="RegisterPage">
<kw name="Wait until element is ready then click element" owner="CommonKeywords">
<kw name="Wait Until Keyword Succeeds" owner="BuiltIn">
<kw name="Click Element" owner="SeleniumLibrary">
<msg time="2024-09-27T17:25:00.705735" level="INFO">Clicking element 'xpath=//button[text()='สมัครสมาชิก']'.</msg>
<arg>${locator}</arg>
<doc>Click the element identified by ``locator``.</doc>
<status status="PASS" start="2024-09-27T17:25:00.705735" elapsed="0.054000"/>
</kw>
<arg>5x</arg>
<arg>2s</arg>
<arg>Click Element</arg>
<arg>${locator}</arg>
<doc>Runs the specified keyword and retries if it fails.</doc>
<status status="PASS" start="2024-09-27T17:25:00.704721" elapsed="0.055014"/>
</kw>
<arg>${SUBMIT_BUTTON}</arg>
<status status="PASS" start="2024-09-27T17:25:00.704721" elapsed="0.055014"/>
</kw>
<kw name="Sleep" owner="BuiltIn">
<msg time="2024-09-27T17:25:02.760344" level="INFO">Slept 2 seconds.</msg>
<arg>2s</arg>
<doc>Pauses the test executed for the given time.</doc>
<status status="PASS" start="2024-09-27T17:25:00.759735" elapsed="2.000609"/>
</kw>
<status status="PASS" start="2024-09-27T17:25:00.704721" elapsed="2.055623"/>
</kw>
<kw name="Fill OTP code" owner="RegisterPage">
<kw name="Wait until element is ready then input text" owner="CommonKeywords">
<kw name="Wait Until Keyword Succeeds" owner="BuiltIn">
<kw name="Input Text" owner="SeleniumLibrary">
<msg time="2024-09-27T17:25:02.761347" level="INFO">Typing text '123456' into text field 'name = otpCode'.</msg>
<msg time="2024-09-27T17:25:02.858375" level="INFO" html="true">&lt;/td&gt;&lt;/tr&gt;&lt;tr&gt;&lt;td colspan="3"&gt;&lt;a href="selenium-screenshot-2.png"&gt;&lt;img src="selenium-screenshot-2.png" width="800px"&gt;&lt;/a&gt;</msg>
<msg time="2024-09-27T17:25:02.858375" level="FAIL">Element with locator 'name = otpCode' not found.</msg>
<arg>${locator}</arg>
<arg>${text}</arg>
<doc>Types the given ``text`` into the text field identified by ``locator``.</doc>
<status status="FAIL" start="2024-09-27T17:25:02.761347" elapsed="0.098028">Element with locator 'name = otpCode' not found.</status>
</kw>
<kw name="Input Text" owner="SeleniumLibrary">
<msg time="2024-09-27T17:25:04.859422" level="INFO">Typing text '123456' into text field 'name = otpCode'.</msg>
<arg>${locator}</arg>
<arg>${text}</arg>
<doc>Types the given ``text`` into the text field identified by ``locator``.</doc>
<status status="PASS" start="2024-09-27T17:25:04.859422" elapsed="0.047360"/>
</kw>
<arg>5x</arg>
<arg>2s</arg>
<arg>Input Text</arg>
<arg>${locator}</arg>
<arg>${text}</arg>
<doc>Runs the specified keyword and retries if it fails.</doc>
<status status="PASS" start="2024-09-27T17:25:02.761347" elapsed="2.145435"/>
</kw>
<arg>${OPTCODE}</arg>
<arg>${otpCode}</arg>
<status status="PASS" start="2024-09-27T17:25:02.760344" elapsed="2.146438"/>
</kw>
<kw name="Sleep" owner="BuiltIn">
<msg time="2024-09-27T17:25:06.908772" level="INFO">Slept 2 seconds.</msg>
<arg>2s</arg>
<doc>Pauses the test executed for the given time.</doc>
<status status="PASS" start="2024-09-27T17:25:04.906782" elapsed="2.001990"/>
</kw>
<arg>${otpcode}</arg>
<status status="PASS" start="2024-09-27T17:25:02.760344" elapsed="4.148428"/>
</kw>
<kw name="Submit OTP" owner="RegisterPage">
<kw name="Wait until element is ready then click element" owner="CommonKeywords">
<kw name="Wait Until Keyword Succeeds" owner="BuiltIn">
<kw name="Click Element" owner="SeleniumLibrary">
<msg time="2024-09-27T17:25:06.909773" level="INFO">Clicking element 'xpath=//button[text()='ยืนยัน OTP']'.</msg>
<arg>${locator}</arg>
<doc>Click the element identified by ``locator``.</doc>
<status status="PASS" start="2024-09-27T17:25:06.909773" elapsed="0.041009"/>
</kw>
<arg>5x</arg>
<arg>2s</arg>
<arg>Click Element</arg>
<arg>${locator}</arg>
<doc>Runs the specified keyword and retries if it fails.</doc>
<status status="PASS" start="2024-09-27T17:25:06.909773" elapsed="0.041009"/>
</kw>
<arg>${SUBMIT_OTP}</arg>
<status status="PASS" start="2024-09-27T17:25:06.908772" elapsed="0.042010"/>
</kw>
<status status="PASS" start="2024-09-27T17:25:06.908772" elapsed="0.042010"/>
</kw>
<kw name="Verify OTP Page Displayed" owner="RegisterPage">
<kw name="Wait until page contains element then verify text" owner="CommonKeywords">
<kw name="Wait Until Keyword Succeeds" owner="BuiltIn">
<kw name="Page Should Contain" owner="SeleniumLibrary">
<msg time="2024-09-27T17:25:06.962785" level="INFO">Current page contains text 'ระบบได้ส่งรหัส OTP ไปยังเบอร์โทรศัพท์'.</msg>
<arg>${expected_text}</arg>
<doc>Verifies that current page contains ``text``.</doc>
<status status="PASS" start="2024-09-27T17:25:06.951783" elapsed="0.011002"/>
</kw>
<arg>5x</arg>
<arg>2s</arg>
<arg>Page Should Contain</arg>
<arg>${expected_text}</arg>
<doc>Runs the specified keyword and retries if it fails.</doc>
<status status="PASS" start="2024-09-27T17:25:06.951783" elapsed="0.011002"/>
</kw>
<arg>${OTP_PAGE_TEXT}</arg>
<status status="PASS" start="2024-09-27T17:25:06.951783" elapsed="0.011002"/>
</kw>
<kw name="Sleep" owner="BuiltIn">
<msg time="2024-09-27T17:25:08.963490" level="INFO">Slept 2 seconds.</msg>
<arg>2s</arg>
<doc>Pauses the test executed for the given time.</doc>
<status status="PASS" start="2024-09-27T17:25:06.962785" elapsed="2.000705"/>
</kw>
<status status="PASS" start="2024-09-27T17:25:06.951783" elapsed="2.011707"/>
</kw>
<doc>This test verifies that a user can successfully register on the Future Skill platform and reach the OTP page.</doc>
<status status="PASS" start="2024-09-27T17:24:42.075923" elapsed="26.887567"/>
</test>
<kw name="Close Browser" owner="SeleniumLibrary" type="TEARDOWN">
<doc>Closes the current browser.</doc>
<status status="PASS" start="2024-09-27T17:25:08.964491" elapsed="2.146604"/>
</kw>
<status status="PASS" start="2024-09-27T17:24:39.725474" elapsed="31.385621"/>
</suite>
<statistics>
<total>
<stat pass="1" fail="0" skip="0">All Tests</stat>
</total>
<tag>
</tag>
<suite>
<stat pass="1" fail="0" skip="0" id="s1" name="RegisterTestcases">RegisterTestcases</stat>
</suite>
</statistics>
<errors>
</errors>
</robot>
