<?xml version="1.0" encoding="UTF-8"?>
<robot generator="Robot 7.1 (Python 3.12.5 on win32)" generated="2024-09-27T16:20:54.774238" rpa="false" schemaversion="5">
<suite id="s1" name="RegisterTestcases" source="D:\Download\kku_work\SW testing\RobotFramework\testcases\RegisterTestcases.robot">
<kw name="Open Browser" owner="SeleniumLibrary" type="SETUP">
<msg time="2024-09-27T16:20:54.962064" level="INFO">Opening browser 'chrome' to base url 'https://futureskill.co/'.</msg>
<arg>${baseUrl}</arg>
<arg>chrome</arg>
<doc>Opens a new browser instance to the optional ``url``.</doc>
<status status="PASS" start="2024-09-27T16:20:54.962064" elapsed="2.172658"/>
</kw>
<test id="s1-t1" name="As a user, I want to register successfully" line="11">
<kw name="Click Register Button" owner="RegisterPage">
<kw name="Wait until element is ready then click element" owner="CommonKeywords">
<kw name="Wait Until Keyword Succeeds" owner="BuiltIn">
<kw name="Click Element" owner="SeleniumLibrary">
<msg time="2024-09-27T16:20:57.136721" level="INFO">Clicking element 'xpath=//button[text()='สมัครสมาชิก']'.</msg>
<msg time="2024-09-27T16:20:57.253715" level="INFO" html="true">&lt;/td&gt;&lt;/tr&gt;&lt;tr&gt;&lt;td colspan="3"&gt;&lt;a href="selenium-screenshot-8.png"&gt;&lt;img src="selenium-screenshot-8.png" width="800px"&gt;&lt;/a&gt;</msg>
<msg time="2024-09-27T16:20:57.253715" level="FAIL">Element with locator 'xpath=//button[text()='สมัครสมาชิก']' not found.</msg>
<arg>${locator}</arg>
<doc>Click the element identified by ``locator``.</doc>
<status status="FAIL" start="2024-09-27T16:20:57.136721" elapsed="0.118995">Element with locator 'xpath=//button[text()='สมัครสมาชิก']' not found.</status>
</kw>
<kw name="Click Element" owner="SeleniumLibrary">
<msg time="2024-09-27T16:20:59.256450" level="INFO">Clicking element 'xpath=//button[text()='สมัครสมาชิก']'.</msg>
<arg>${locator}</arg>
<doc>Click the element identified by ``locator``.</doc>
<status status="PASS" start="2024-09-27T16:20:59.256450" elapsed="2.511443"/>
</kw>
<arg>5x</arg>
<arg>2s</arg>
<arg>Click Element</arg>
<arg>${locator}</arg>
<doc>Runs the specified keyword and retries if it fails.</doc>
<status status="PASS" start="2024-09-27T16:20:57.135721" elapsed="4.632172"/>
</kw>
<arg>${REGISTER_BUTTON}</arg>
<status status="PASS" start="2024-09-27T16:20:57.135721" elapsed="4.632172"/>
</kw>
<status status="PASS" start="2024-09-27T16:20:57.135721" elapsed="4.632172"/>
</kw>
<kw name="Fill Registration Form" owner="RegisterPage">
<kw name="Wait until element is ready then input text" owner="CommonKeywords">
<kw name="Wait Until Keyword Succeeds" owner="BuiltIn">
<kw name="Input Text" owner="SeleniumLibrary">
<msg time="2024-09-27T16:21:01.768894" level="INFO">Typing text 'Worachot' into text field 'name=firstName'.</msg>
<arg>${locator}</arg>
<arg>${text}</arg>
<doc>Types the given ``text`` into the text field identified by ``locator``.</doc>
<status status="PASS" start="2024-09-27T16:21:01.768894" elapsed="0.226050"/>
</kw>
<arg>5x</arg>
<arg>2s</arg>
<arg>Input Text</arg>
<arg>${locator}</arg>
<arg>${text}</arg>
<doc>Runs the specified keyword and retries if it fails.</doc>
<status status="PASS" start="2024-09-27T16:21:01.768894" elapsed="0.226050"/>
</kw>
<arg>${FIRSTNAME_INPUT}</arg>
<arg>${firstName}</arg>
<status status="PASS" start="2024-09-27T16:21:01.768894" elapsed="0.227051"/>
</kw>
<kw name="Wait until element is ready then input text" owner="CommonKeywords">
<kw name="Wait Until Keyword Succeeds" owner="BuiltIn">
<kw name="Input Text" owner="SeleniumLibrary">
<msg time="2024-09-27T16:21:01.995945" level="INFO">Typing text 'Thonglert' into text field 'name=lastName'.</msg>
<arg>${locator}</arg>
<arg>${text}</arg>
<doc>Types the given ``text`` into the text field identified by ``locator``.</doc>
<status status="PASS" start="2024-09-27T16:21:01.995945" elapsed="0.053011"/>
</kw>
<arg>5x</arg>
<arg>2s</arg>
<arg>Input Text</arg>
<arg>${locator}</arg>
<arg>${text}</arg>
<doc>Runs the specified keyword and retries if it fails.</doc>
<status status="PASS" start="2024-09-27T16:21:01.995945" elapsed="0.053011"/>
</kw>
<arg>${LASTNAME_INPUT}</arg>
<arg>${lastName}</arg>
<status status="PASS" start="2024-09-27T16:21:01.995945" elapsed="0.053011"/>
</kw>
<kw name="Wait until element is ready then input text" owner="CommonKeywords">
<kw name="Wait Until Keyword Succeeds" owner="BuiltIn">
<kw name="Input Text" owner="SeleniumLibrary">
<msg time="2024-09-27T16:21:02.049957" level="INFO">Typing text 'domtllvv4@gmail.com' into text field 'name=email'.</msg>
<arg>${locator}</arg>
<arg>${text}</arg>
<doc>Types the given ``text`` into the text field identified by ``locator``.</doc>
<status status="PASS" start="2024-09-27T16:21:02.049957" elapsed="0.070015"/>
</kw>
<arg>5x</arg>
<arg>2s</arg>
<arg>Input Text</arg>
<arg>${locator}</arg>
<arg>${text}</arg>
<doc>Runs the specified keyword and retries if it fails.</doc>
<status status="PASS" start="2024-09-27T16:21:02.049957" elapsed="0.070015"/>
</kw>
<arg>${EMAIL_INPUT}</arg>
<arg>${email}</arg>
<status status="PASS" start="2024-09-27T16:21:02.048956" elapsed="0.072017"/>
</kw>
<kw name="Wait until element is ready then input text" owner="CommonKeywords">
<kw name="Wait Until Keyword Succeeds" owner="BuiltIn">
<kw name="Input Text" owner="SeleniumLibrary">
<msg time="2024-09-27T16:21:02.121973" level="INFO">Typing text '0933213280' into text field 'name=phoneNumber'.</msg>
<arg>${locator}</arg>
<arg>${text}</arg>
<doc>Types the given ``text`` into the text field identified by ``locator``.</doc>
<status status="PASS" start="2024-09-27T16:21:02.121973" elapsed="0.058013"/>
</kw>
<arg>5x</arg>
<arg>2s</arg>
<arg>Input Text</arg>
<arg>${locator}</arg>
<arg>${text}</arg>
<doc>Runs the specified keyword and retries if it fails.</doc>
<status status="PASS" start="2024-09-27T16:21:02.120973" elapsed="0.059013"/>
</kw>
<arg>${PHONE_INPUT}</arg>
<arg>${phoneNumber}</arg>
<status status="PASS" start="2024-09-27T16:21:02.120973" elapsed="0.059013"/>
</kw>
<kw name="Wait until element is ready then input text" owner="CommonKeywords">
<kw name="Wait Until Keyword Succeeds" owner="BuiltIn">
<kw name="Input Text" owner="SeleniumLibrary">
<msg time="2024-09-27T16:21:02.180986" level="INFO">Typing text 'QWEasdzxc123@' into text field 'name=newPassword'.</msg>
<arg>${locator}</arg>
<arg>${text}</arg>
<doc>Types the given ``text`` into the text field identified by ``locator``.</doc>
<status status="PASS" start="2024-09-27T16:21:02.180986" elapsed="0.063015"/>
</kw>
<arg>5x</arg>
<arg>2s</arg>
<arg>Input Text</arg>
<arg>${locator}</arg>
<arg>${text}</arg>
<doc>Runs the specified keyword and retries if it fails.</doc>
<status status="PASS" start="2024-09-27T16:21:02.179986" elapsed="0.064015"/>
</kw>
<arg>${NEW_PASSWORD_INPUT}</arg>
<arg>${newPassword}</arg>
<status status="PASS" start="2024-09-27T16:21:02.179986" elapsed="0.064015"/>
</kw>
<kw name="Wait until element is ready then input text" owner="CommonKeywords">
<kw name="Wait Until Keyword Succeeds" owner="BuiltIn">
<kw name="Input Text" owner="SeleniumLibrary">
<msg time="2024-09-27T16:21:02.245001" level="INFO">Typing text 'QWEasdzxc123@' into text field 'name=confirmPassword'.</msg>
<arg>${locator}</arg>
<arg>${text}</arg>
<doc>Types the given ``text`` into the text field identified by ``locator``.</doc>
<status status="PASS" start="2024-09-27T16:21:02.245001" elapsed="0.064014"/>
</kw>
<arg>5x</arg>
<arg>2s</arg>
<arg>Input Text</arg>
<arg>${locator}</arg>
<arg>${text}</arg>
<doc>Runs the specified keyword and retries if it fails.</doc>
<status status="PASS" start="2024-09-27T16:21:02.245001" elapsed="0.064014"/>
</kw>
<arg>${CONFIRM_PASSWORD_INPUT}</arg>
<arg>${confirmPassword}</arg>
<status status="PASS" start="2024-09-27T16:21:02.244001" elapsed="0.065014"/>
</kw>
<arg>${firstName}</arg>
<arg>${lastName}</arg>
<arg>${email}</arg>
<arg>${phoneNumber}</arg>
<arg>${newPassword}</arg>
<arg>${confirmPassword}</arg>
<status status="PASS" start="2024-09-27T16:21:01.767893" elapsed="0.541122"/>
</kw>
<kw name=" Click Checkbox" owner="RegisterPage">
<kw name="Wait until element is ready then click element" owner="CommonKeywords">
<kw name="Wait Until Keyword Succeeds" owner="BuiltIn">
<kw name="Click Element" owner="SeleniumLibrary">
<msg time="2024-09-27T16:21:02.311016" level="INFO">Clicking element 'name=consent'.</msg>
<arg>${locator}</arg>
<doc>Click the element identified by ``locator``.</doc>
<status status="PASS" start="2024-09-27T16:21:02.310015" elapsed="0.032008"/>
</kw>
<arg>5x</arg>
<arg>2s</arg>
<arg>Click Element</arg>
<arg>${locator}</arg>
<doc>Runs the specified keyword and retries if it fails.</doc>
<status status="PASS" start="2024-09-27T16:21:02.310015" elapsed="0.032008"/>
</kw>
<arg>${CHECKBOX}</arg>
<status status="PASS" start="2024-09-27T16:21:02.310015" elapsed="0.032008"/>
</kw>
<status status="PASS" start="2024-09-27T16:21:02.310015" elapsed="0.032008"/>
</kw>
<kw name="Submit Registration" owner="RegisterPage">
<kw name="Wait until element is ready then click element" owner="CommonKeywords">
<kw name="Wait Until Keyword Succeeds" owner="BuiltIn">
<kw name="Click Element" owner="SeleniumLibrary">
<msg time="2024-09-27T16:21:02.343023" level="INFO">Clicking element 'xpath=//button[text()='สมัครสมาชิก']'.</msg>
<arg>${locator}</arg>
<doc>Click the element identified by ``locator``.</doc>
<status status="PASS" start="2024-09-27T16:21:02.343023" elapsed="0.058012"/>
</kw>
<arg>5x</arg>
<arg>2s</arg>
<arg>Click Element</arg>
<arg>${locator}</arg>
<doc>Runs the specified keyword and retries if it fails.</doc>
<status status="PASS" start="2024-09-27T16:21:02.343023" elapsed="0.058012"/>
</kw>
<arg>${SUBMIT_BUTTON}</arg>
<status status="PASS" start="2024-09-27T16:21:02.342023" elapsed="0.060013"/>
</kw>
<status status="PASS" start="2024-09-27T16:21:02.342023" elapsed="0.060013"/>
</kw>
<kw name="Verify OTP Page Displayed" owner="OTPPage">
<kw name="Wait until page contains element then verify text" owner="CommonKeywords">
<kw name="Wait Until Keyword Succeeds" owner="BuiltIn">
<kw name="Page Should Contain" owner="SeleniumLibrary">
<msg time="2024-09-27T16:21:02.582233" level="INFO" html="true">&lt;/td&gt;&lt;/tr&gt;&lt;tr&gt;&lt;td colspan="3"&gt;&lt;a href="selenium-screenshot-9.png"&gt;&lt;img src="selenium-screenshot-9.png" width="800px"&gt;&lt;/a&gt;</msg>
<msg time="2024-09-27T16:21:02.582233" level="FAIL">StaleElementReferenceException: Message: stale element reference: stale element not found in the current frame
  (Session info: chrome=129.0.6668.60); For documentation on this error, please visit: https://www.selenium.dev/documentation/webdriver/troubleshooting/errors#stale-element-reference-exception
Stacktrace:
	GetHandleVerifier [0x00007FF63E87B125+29573]
	(No symbol) [0x00007FF63E7EFF50]
	(No symbol) [0x00007FF63E6AB6EA]
	(No symbol) [0x00007FF63E6B22BE]
	(No symbol) [0x00007FF63E6B4637]
	(No symbol) [0x00007FF63E6B46F0]
	(No symbol) [0x00007FF63E74B069]
	(No symbol) [0x00007FF63E7272FA]
	(No symbol) [0x00007FF63E7486BC]
	(No symbol) [0x00007FF63E7270A3]
	(No symbol) [0x00007FF63E6F12DF]
	(No symbol) [0x00007FF63E6F2441]
	GetHandleVerifier [0x00007FF63EBAC76D+3377613]
	GetHandleVerifier [0x00007FF63EBF7B67+3685831]
	GetHandleVerifier [0x00007FF63EBECF8B+3641835]
	GetHandleVerifier [0x00007FF63E93B2A6+816390]
	(No symbol) [0x00007FF63E7FB25F]
	(No symbol) [0x00007FF63E7F7084]
	(No symbol) [0x00007FF63E7F7220]
	(No symbol) [0x00007FF63E7E607F]
	BaseThreadInitThunk [0x00007FFB41377374+20]
	RtlUserThreadStart [0x00007FFB4163CC91+33]
</msg>
<arg>${expected_text}</arg>
<doc>Verifies that current page contains ``text``.</doc>
<status status="FAIL" start="2024-09-27T16:21:02.403036" elapsed="0.182868">StaleElementReferenceException: Message: stale element reference: stale element not found in the current frame
  (Session info: chrome=129.0.6668.60); For documentation on this error, please visit: https://www.selenium.dev/documentation/webdriver/troubleshooting/errors#stale-element-reference-exception
Stacktrace:
	GetHandleVerifier [0x00007FF63E87B125+29573]
	(No symbol) [0x00007FF63E7EFF50]
	(No symbol) [0x00007FF63E6AB6EA]
	(No symbol) [0x00007FF63E6B22BE]
	(No symbol) [0x00007FF63E6B4637]
	(No symbol) [0x00007FF63E6B46F0]
	(No symbol) [0x00007FF63E74B069]
	(No symbol) [0x00007FF63E7272FA]
	(No symbol) [0x00007FF63E7486BC]
	(No symbol) [0x00007FF63E7270A3]
	(No symbol) [0x00007FF63E6F12DF]
	(No symbol) [0x00007FF63E6F2441]
	GetHandleVerifier [0x00007FF63EBAC76D+3377613]
	GetHandleVerifier [0x00007FF63EBF7B67+3685831]
	GetHandleVerifier [0x00007FF63EBECF8B+3641835]
	GetHandleVerifier [0x00007FF63E93B2A6+816390]
	(No symbol) [0x00007FF63E7FB25F]
	(No symbol) [0x00007FF63E7F7084]
	(No symbol) [0x00007FF63E7F7220]
	(No symbol) [0x00007FF63E7E607F]
	BaseThreadInitThunk [0x00007FFB41377374+20]
	RtlUserThreadStart [0x00007FFB4163CC91+33]
</status>
</kw>
<kw name="Page Should Contain" owner="SeleniumLibrary">
<msg time="2024-09-27T16:21:04.593949" level="INFO">Current page contains text 'ระบบได้ส่งรหัส OTP ไปยังเบอร์โทรศัพท์'.</msg>
<arg>${expected_text}</arg>
<doc>Verifies that current page contains ``text``.</doc>
<status status="PASS" start="2024-09-27T16:21:04.585946" elapsed="0.008003"/>
</kw>
<arg>5x</arg>
<arg>2s</arg>
<arg>Page Should Contain</arg>
<arg>${expected_text}</arg>
<doc>Runs the specified keyword and retries if it fails.</doc>
<status status="PASS" start="2024-09-27T16:21:02.402036" elapsed="2.191913"/>
</kw>
<arg>${OTP_PAGE_TEXT}</arg>
<status status="PASS" start="2024-09-27T16:21:02.402036" elapsed="2.191913"/>
</kw>
<status status="PASS" start="2024-09-27T16:21:02.402036" elapsed="2.191913"/>
</kw>
<doc>This test verifies that a user can successfully register on the Future Skill platform and reach the OTP page.</doc>
<status status="PASS" start="2024-09-27T16:20:57.134722" elapsed="7.459227"/>
</test>
<kw name="Close Browser" owner="SeleniumLibrary" type="TEARDOWN">
<doc>Closes the current browser.</doc>
<status status="PASS" start="2024-09-27T16:21:04.594949" elapsed="2.154811"/>
</kw>
<status status="PASS" start="2024-09-27T16:20:54.775239" elapsed="11.974521"/>
</suite>
<statistics>
<total>
<stat pass="1" fail="0" skip="0">All Tests</stat>
</total>
<tag>
</tag>
<suite>
<stat pass="1" fail="0" skip="0" id="s1" name="RegisterTestcases">RegisterTestcases</stat>
</suite>
</statistics>
<errors>
</errors>
</robot>
